<?xml version="1.0" encoding="UTF-8"?>
<testng-results ignored="0" total="2" passed="2" failed="0" skipped="0">
  <reporter-output>
  </reporter-output>
  <suite started-at="2022-07-07T12:57:19 PDT" name="Suite" finished-at="2022-07-07T12:57:26 PDT" duration-ms="6736">
    <groups>
    </groups>
    <test started-at="2022-07-07T12:57:19 PDT" name="chromeTest" finished-at="2022-07-07T12:57:23 PDT" duration-ms="3840">
      <class name="webdrivermanagervalidate.ValidatePath">
        <test-method signature="setUp()[pri:0, instance:webdrivermanagervalidate.ValidatePath@c333c60]" started-at="2022-07-07T12:57:19 PDT" name="setUp" finished-at="2022-07-07T12:57:23 PDT" duration-ms="3803" status="PASS">
          <reporter-output>
          </reporter-output>
        </test-method> <!-- setUp -->
      </class> <!-- webdrivermanagervalidate.ValidatePath -->
    </test> <!-- chromeTest -->
    <test started-at="2022-07-07T12:57:23 PDT" name="edgeTest" finished-at="2022-07-07T12:57:26 PDT" duration-ms="2879">
      <class name="webdrivermanagervalidate.ValidatePath">
        <test-method signature="setUp()[pri:0, instance:webdrivermanagervalidate.ValidatePath@bd4dc25]" started-at="2022-07-07T12:57:23 PDT" name="setUp" finished-at="2022-07-07T12:57:26 PDT" duration-ms="2877" status="PASS">
          <reporter-output>
          </reporter-output>
        </test-method> <!-- setUp -->
      </class> <!-- webdrivermanagervalidate.ValidatePath -->
    </test> <!-- edgeTest -->
  </suite> <!-- Suite -->
</testng-results>
